Determining if the pthread_create exist failed with the following output:
Change Dir: /home/kamerider/catkin_ws/build/CMakeFiles/CMakeTmp

Run Build Command:"/usr/bin/make" "cmTC_ff12b/fast"
/usr/bin/make -f CMakeFiles/cmTC_ff12b.dir/build.make CMakeFiles/cmTC_ff12b.dir/build
make[1]: Entering directory '/home/kamerider/catkin_ws/build/CMakeFiles/CMakeTmp'
Building C object CMakeFiles/cmTC_ff12b.dir/CheckSymbolExists.c.o
/usr/bin/cc     -o CMakeFiles/cmTC_ff12b.dir/CheckSymbolExists.c.o   -c /home/kamerider/catkin_ws/build/CMakeFiles/CMakeTmp/CheckSymbolExists.c
Linking C executable cmTC_ff12b
/usr/bin/cmake -E cmake_link_script CMakeFiles/cmTC_ff12b.dir/link.txt --verbose=1
/usr/bin/cc       CMakeFiles/cmTC_ff12b.dir/CheckSymbolExists.c.o  -o cmTC_ff12b -rdynamic 
CMakeFiles/cmTC_ff12b.dir/CheckSymbolExists.c.o: In function `main':
CheckSymbolExists.c:(.text+0x16): undefined reference to `pthread_create'
collect2: error: ld returned 1 exit status
CMakeFiles/cmTC_ff12b.dir/build.make:97: recipe for target 'cmTC_ff12b' failed
make[1]: *** [cmTC_ff12b] Error 1
make[1]: Leaving directory '/home/kamerider/catkin_ws/build/CMakeFiles/CMakeTmp'
Makefile:126: recipe for target 'cmTC_ff12b/fast' failed
make: *** [cmTC_ff12b/fast] Error 2

File /home/kamerider/catkin_ws/build/CMakeFiles/CMakeTmp/CheckSymbolExists.c:
/* */
#include <pthread.h>

int main(int argc, char** argv)
{
  (void)argv;
#ifndef pthread_create
  return ((int*)(&pthread_create))[argc];
#else
  (void)argc;
  return 0;
#endif
}

Determining if the function pthread_create exists in the pthreads failed with the following output:
Change Dir: /home/kamerider/catkin_ws/build/CMakeFiles/CMakeTmp

Run Build Command:"/usr/bin/make" "cmTC_d7305/fast"
/usr/bin/make -f CMakeFiles/cmTC_d7305.dir/build.make CMakeFiles/cmTC_d7305.dir/build
make[1]: Entering directory '/home/kamerider/catkin_ws/build/CMakeFiles/CMakeTmp'
Building C object CMakeFiles/cmTC_d7305.dir/CheckFunctionExists.c.o
/usr/bin/cc    -DCHECK_FUNCTION_EXISTS=pthread_create   -o CMakeFiles/cmTC_d7305.dir/CheckFunctionExists.c.o   -c /usr/share/cmake-3.5/Modules/CheckFunctionExists.c
Linking C executable cmTC_d7305
/usr/bin/cmake -E cmake_link_script CMakeFiles/cmTC_d7305.dir/link.txt --verbose=1
/usr/bin/cc   -DCHECK_FUNCTION_EXISTS=pthread_create    CMakeFiles/cmTC_d7305.dir/CheckFunctionExists.c.o  -o cmTC_d7305 -rdynamic -lpthreads 
/usr/bin/ld: cannot find -lpthreads
collect2: error: ld returned 1 exit status
CMakeFiles/cmTC_d7305.dir/build.make:97: recipe for target 'cmTC_d7305' failed
make[1]: *** [cmTC_d7305] Error 1
make[1]: Leaving directory '/home/kamerider/catkin_ws/build/CMakeFiles/CMakeTmp'
Makefile:126: recipe for target 'cmTC_d7305/fast' failed
make: *** [cmTC_d7305/fast] Error 2


